<?xml version="1.0" encoding="UTF-8"?>
<!-- Generated by org.testng.reporters.JUnitReportReporter -->
<testsuite hostname="SUFIYAN" failures="0" tests="13" name="technosapeince.testcase.TestCase_Student_Login" time="124.942" errors="0" timestamp="2024-08-20T18:11:18 IST" skipped="0">
  <testcase classname="technosapeince.testcase.TestCase_Student_Login" name="TestCase_Student" time="7.518"/>
  <testcase classname="technosapeince.testcase.TestCase_Student_Login" name="TestCase_Student" time="9.513"/>
  <testcase classname="technosapeince.testcase.TestCase_Student_Login" name="TestCase_Student" time="11.021"/>
  <testcase classname="technosapeince.testcase.TestCase_Student_Login" name="TestCase_Student" time="9.975"/>
  <testcase classname="technosapeince.testcase.TestCase_Student_Login" name="TestCase_Student" time="10.554"/>
  <testcase classname="technosapeince.testcase.TestCase_Student_Login" name="TestCase_Student" time="7.761"/>
  <testcase classname="technosapeince.testcase.TestCase_Student_Login" name="TestCase_Student" time="7.438"/>
  <testcase classname="technosapeince.testcase.TestCase_Student_Login" name="TestCase_Student" time="12.623"/>
  <testcase classname="technosapeince.testcase.TestCase_Student_Login" name="TestCase_Student" time="19.542"/>
  <testcase classname="technosapeince.testcase.TestCase_Student_Login" name="TestCase_Student" time="8.007"/>
  <testcase classname="technosapeince.testcase.TestCase_Student_Login" name="TestCase_Student" time="6.620"/>
  <testcase classname="technosapeince.testcase.TestCase_Student_Login" name="TestCase_Student" time="7.640"/>
  <testcase classname="technosapeince.testcase.TestCase_Student_Login" name="TestCase_Student" time="6.730"/>
</testsuite> <!-- technosapeince.testcase.TestCase_Student_Login -->
